(3, 9.0) [B]
│  ├──(1, 1.0) [R]
│  │  ├──(0, 0.0) [B]
│  │  └──(2, 4.0) [B]
│  └──(5, 25.0) [R]
│  │  ├──(4, 16.0) [B]
│  │  └──(6, 36.0) [B]
│  │  │  └──(7, 49.0) [R]

(3, 9.0) [B]
│  ├──(1, 1.0) [R]
│  │  ├──(0, 0.0) [B]
│  │  └──(2, 4.0) [B]
│  └──(5, 25.0) [R]
│  │  ├──(4, 16.0) [B]
│  │  └──(6, 36.0) [B]

List[4] = 16.0
List[1] = 1.0
List[5] = 25.0
List[0] = 0.0
List[2] = 4.0
List[6] = 36.0

(4, 16.0) [B]
│  ├──(1, 1.0) [B]
│  │  ├──(0, 0.0) [R]
│  │  └──(2, 4.0) [R]
│  └──(6, 36.0) [R]
│  │  ├──(5, 25.0) [B]
│  │  └──(10, 100.0) [B]
│  │  │  └──(12, 144.0) [R]
